2023-05-16 20:05:399 INFO  HomePage :59 - Click on Computer Tab[[ChromeDriver: chrome on WINDOWS (bb4770c7b9fde54d7524ca0501b12871)] -> xpath: //ul[@class='top-menu notmobile']//a[normalize-space()='Computers']]
2023-05-16 20:05:502 INFO  ComputerPage :33 - Click on Desktop[[ChromeDriver: chrome on WINDOWS (bb4770c7b9fde54d7524ca0501b12871)] -> xpath: //a[@title='Show products in category Desktops'][normalize-space()='Desktops']]
2023-05-16 20:05:823 INFO  HomePage :59 - Click on Computer Tab[[ChromeDriver: chrome on WINDOWS (dc14721da2a904b918424bab1122e62b)] -> xpath: //ul[@class='top-menu notmobile']//a[normalize-space()='Computers']]
2023-05-16 20:05:902 INFO  ComputerPage :33 - Click on Desktop[[ChromeDriver: chrome on WINDOWS (dc14721da2a904b918424bab1122e62b)] -> xpath: //a[@title='Show products in category Desktops'][normalize-space()='Desktops']]
2023-05-16 20:05:532 INFO  DesktopPage :45 - Product list[[[ChromeDriver: chrome on WINDOWS (dc14721da2a904b918424bab1122e62b)] -> tag name: h2], [[ChromeDriver: chrome on WINDOWS (dc14721da2a904b918424bab1122e62b)] -> tag name: h2], [[ChromeDriver: chrome on WINDOWS (dc14721da2a904b918424bab1122e62b)] -> tag name: h2]]
2023-05-16 20:05:687 INFO  DesktopPage :45 - Product list[[[ChromeDriver: chrome on WINDOWS (dc14721da2a904b918424bab1122e62b)] -> tag name: h2], [[ChromeDriver: chrome on WINDOWS (dc14721da2a904b918424bab1122e62b)] -> tag name: h2], [[ChromeDriver: chrome on WINDOWS (dc14721da2a904b918424bab1122e62b)] -> tag name: h2]]
2023-05-16 20:05:707 INFO  HomePage :59 - Click on Computer Tab[[ChromeDriver: chrome on WINDOWS (53cfc53cdc110bceea89ed862671efb7)] -> xpath: //ul[@class='top-menu notmobile']//a[normalize-space()='Computers']]
2023-05-16 20:05:776 INFO  ComputerPage :33 - Click on Desktop[[ChromeDriver: chrome on WINDOWS (53cfc53cdc110bceea89ed862671efb7)] -> xpath: //a[@title='Show products in category Desktops'][normalize-space()='Desktops']]
2023-05-16 20:05:609 INFO  DesktopPage :45 - Product list[[[ChromeDriver: chrome on WINDOWS (53cfc53cdc110bceea89ed862671efb7)] -> tag name: h2], [[ChromeDriver: chrome on WINDOWS (53cfc53cdc110bceea89ed862671efb7)] -> tag name: h2], [[ChromeDriver: chrome on WINDOWS (53cfc53cdc110bceea89ed862671efb7)] -> tag name: h2]]
2023-05-16 20:05:675 INFO  HomePage :71 - Mouse hover to Electronic[[ChromeDriver: chrome on WINDOWS (9f642388312b3d7cc654463f3debdf8f)] -> xpath: (//a[text()='Electronics '])[1]]
2023-05-16 20:05:777 INFO  HomePage :77 - Mouse hover to Electronic Tab and Click on Cell Phone[[ChromeDriver: chrome on WINDOWS (9f642388312b3d7cc654463f3debdf8f)] -> xpath: (//a[text()='Cell phones '])[1]]
2023-05-16 20:05:810 INFO  CellPhonesPage :66 - Get Text Cell Phone[[ChromeDriver: chrome on WINDOWS (9f642388312b3d7cc654463f3debdf8f)] -> xpath: //h1[contains(text(),'Cell phones')]]
2023-05-16 20:05:179 INFO  HomePage :71 - Mouse hover to Electronic[[ChromeDriver: chrome on WINDOWS (53ac4b980c26acf6bfde643b602e1d17)] -> xpath: (//a[text()='Electronics '])[1]]
2023-05-16 20:05:330 INFO  HomePage :77 - Mouse hover to Electronic Tab and Click on Cell Phone[[ChromeDriver: chrome on WINDOWS (53ac4b980c26acf6bfde643b602e1d17)] -> xpath: (//a[text()='Cell phones '])[1]]
2023-05-16 20:05:377 INFO  CellPhonesPage :66 - Get Text Cell Phone[[ChromeDriver: chrome on WINDOWS (53ac4b980c26acf6bfde643b602e1d17)] -> xpath: //h1[contains(text(),'Cell phones')]]
2023-05-16 20:05:552 INFO  CellPhonesPage :73 - Click on List View[[ChromeDriver: chrome on WINDOWS (53ac4b980c26acf6bfde643b602e1d17)] -> xpath: //a[contains(text(),'List')]]
2023-05-16 20:05:826 INFO  CellPhonesPage :79 - Click on List ViewProxy element for: DefaultElementLocator 'By.xpath: //a[contains(text(),'List')]'
2023-05-16 21:05:335 INFO  HomePage :58 - click on Computer Tab[[ChromeDriver: chrome on WINDOWS (7b3af4b0e5a5cb0db83bbeaa9df79462)] -> xpath: //ul[@class='top-menu notmobile']//a[normalize-space()='Computers']]<br>
2023-05-16 21:05:858 INFO  ComputerPage :35 - Click on Desktop[[ChromeDriver: chrome on WINDOWS (7b3af4b0e5a5cb0db83bbeaa9df79462)] -> xpath: //a[@title='Show products in category Desktops'][normalize-space()='Desktops']]<br>
2023-05-16 21:05:78 INFO  DesktopPage :35 - Select Sort By position Name: Z to A[[ChromeDriver: chrome on WINDOWS (7b3af4b0e5a5cb0db83bbeaa9df79462)] -> id: products-orderby]<br>
2023-05-16 21:05:111 INFO  DesktopPage :39 - Select Sort By position Name: Z to A[[[ChromeDriver: chrome on WINDOWS (7b3af4b0e5a5cb0db83bbeaa9df79462)] -> tag name: h2], [[ChromeDriver: chrome on WINDOWS (7b3af4b0e5a5cb0db83bbeaa9df79462)] -> tag name: h2], [[ChromeDriver: chrome on WINDOWS (7b3af4b0e5a5cb0db83bbeaa9df79462)] -> tag name: h2]]<br>
2023-05-16 21:05:248 INFO  DesktopPage :35 - Select Sort By position Name: Z to A[[ChromeDriver: chrome on WINDOWS (7b3af4b0e5a5cb0db83bbeaa9df79462)] -> id: products-orderby]<br>
2023-05-16 21:05:278 INFO  DesktopPage :39 - Select Sort By position Name: Z to A[[[ChromeDriver: chrome on WINDOWS (7b3af4b0e5a5cb0db83bbeaa9df79462)] -> tag name: h2], [[ChromeDriver: chrome on WINDOWS (7b3af4b0e5a5cb0db83bbeaa9df79462)] -> tag name: h2], [[ChromeDriver: chrome on WINDOWS (7b3af4b0e5a5cb0db83bbeaa9df79462)] -> tag name: h2]]<br>
2023-05-16 21:05:513 INFO  HomePage :58 - click on Computer Tab[[ChromeDriver: chrome on WINDOWS (c3982dae72fcc2fe5e05c48357579e43)] -> xpath: //ul[@class='top-menu notmobile']//a[normalize-space()='Computers']]<br>
2023-05-16 21:05:61 INFO  ComputerPage :35 - Click on Desktop[[ChromeDriver: chrome on WINDOWS (c3982dae72fcc2fe5e05c48357579e43)] -> xpath: //a[@title='Show products in category Desktops'][normalize-space()='Desktops']]<br>
2023-05-16 21:05:124 INFO  DesktopPage :39 - Select Sort By position Name: Z to A[[[ChromeDriver: chrome on WINDOWS (c3982dae72fcc2fe5e05c48357579e43)] -> tag name: h2], [[ChromeDriver: chrome on WINDOWS (c3982dae72fcc2fe5e05c48357579e43)] -> tag name: h2], [[ChromeDriver: chrome on WINDOWS (c3982dae72fcc2fe5e05c48357579e43)] -> tag name: h2]]<br>
2023-05-16 21:05:302 INFO  DesktopPage :51 - Click on Add to Cart[[ChromeDriver: chrome on WINDOWS (c3982dae72fcc2fe5e05c48357579e43)] -> xpath: //body[1]/div[6]/div[3]/div[1]/div[3]/div[1]/div[2]/div[2]/div[2]/div[1]/div[1]/div[1]/div[1]/div[2]/div[3]/div[2]/button[1]]<br>
2023-05-16 21:05:479 INFO  AddToCartPage :61 - verify build your computer text[[ChromeDriver: chrome on WINDOWS (c3982dae72fcc2fe5e05c48357579e43)] -> xpath: //h1[contains(text(),'Build your own computer')]]<br>
2023-05-16 21:05:480 INFO  AddToCartPage :62 - verify build your computer text[[ChromeDriver: chrome on WINDOWS (c3982dae72fcc2fe5e05c48357579e43)] -> xpath: //h1[contains(text(),'Build your own computer')]]<br>
2023-05-16 21:05:663 INFO  HomePage :70 - mouse hove to electronic[[ChromeDriver: chrome on WINDOWS (7131fb9d1c4704386a78ab94137d1a18)] -> xpath: (//a[text()='Electronics '])[1]]<br>
2023-05-16 21:05:490 INFO  HomePage :74 - mouse hover to electronic and click on cellphone[[ChromeDriver: chrome on WINDOWS (7131fb9d1c4704386a78ab94137d1a18)] -> xpath: (//a[text()='Cell phones '])[1]]<br>
2023-05-16 21:05:530 INFO  CellPhonesPage :64 - Get Text Cell Phone[[ChromeDriver: chrome on WINDOWS (7131fb9d1c4704386a78ab94137d1a18)] -> xpath: //h1[contains(text(),'Cell phones')]]<br>
2023-05-16 21:05:704 INFO  HomePage :70 - mouse hove to electronic[[ChromeDriver: chrome on WINDOWS (1257911cf9230128d3ebd1e76c892045)] -> xpath: (//a[text()='Electronics '])[1]]<br>
2023-05-16 21:05:254 INFO  HomePage :74 - mouse hover to electronic and click on cellphone[[ChromeDriver: chrome on WINDOWS (1257911cf9230128d3ebd1e76c892045)] -> xpath: (//a[text()='Cell phones '])[1]]<br>
2023-05-16 21:05:310 INFO  CellPhonesPage :64 - Get Text Cell Phone[[ChromeDriver: chrome on WINDOWS (1257911cf9230128d3ebd1e76c892045)] -> xpath: //h1[contains(text(),'Cell phones')]]<br>
2023-05-16 21:05:490 INFO  CellPhonesPage :70 - Click on List View[[ChromeDriver: chrome on WINDOWS (1257911cf9230128d3ebd1e76c892045)] -> xpath: //a[contains(text(),'List')]]<br
2023-05-16 21:05:599 INFO  CellPhonesPage :75 - Click on List ViewProxy element for: DefaultElementLocator 'By.xpath: //a[contains(text(),'List')]'<br>
2023-05-16 21:05:641 INFO  CellPhonesPage :79 - Click on List ViewProxy element for: DefaultElementLocator 'By.xpath: //a[contains(text(),'List')]'<br>
2023-05-16 21:05:706 INFO  CellPhonesPage :84 - Get Price Text[[ChromeDriver: chrome on WINDOWS (1257911cf9230128d3ebd1e76c892045)] -> xpath: //span[@id='price-value-20']]<br>
2023-05-16 21:05:29 INFO  CellPhonesPage :92 - Change Qty[[ChromeDriver: chrome on WINDOWS (1257911cf9230128d3ebd1e76c892045)] -> xpath: //input[@id='product_enteredQuantity_20']]<br>
2023-05-16 21:05:145 INFO  CellPhonesPage :98 - Click on Add to Cart[[ChromeDriver: chrome on WINDOWS (1257911cf9230128d3ebd1e76c892045)] -> xpath: //button[@id='add-to-cart-button-20']]<br>
2023-05-16 21:05:468 INFO  CellPhonesPage :102 - Get text Add to Cart Successfully[[ChromeDriver: chrome on WINDOWS (1257911cf9230128d3ebd1e76c892045)] -> xpath: //p[text()='The product has been added to your ']]<br>
2023-05-16 21:05:746 INFO  CellPhonesPage :108 - Click on Cross Button[[ChromeDriver: chrome on WINDOWS (1257911cf9230128d3ebd1e76c892045)] -> xpath: //body/div[@id='bar-notification']/div[1]/span[1]]<br>
2023-05-16 21:05:268 INFO  CellPhonesPage :114 - Mouse hover to Shopping cart[[ChromeDriver: chrome on WINDOWS (1257911cf9230128d3ebd1e76c892045)] -> xpath: //button[contains(text(),'Go to cart')]]<br>
2023-05-16 21:05:314 INFO  ShoppingCartPage :50 - Verify Shopping cart text[[ChromeDriver: chrome on WINDOWS (1257911cf9230128d3ebd1e76c892045)] -> xpath: //h1[contains(text(),'Shopping cart')]]<br>
2023-05-16 21:05:347 INFO  ShoppingCartPage :78 - click on checkout[[ChromeDriver: chrome on WINDOWS (1257911cf9230128d3ebd1e76c892045)] -> xpath: //input[@class='qty-input']]<br>
2023-05-16 21:05:454 INFO  ShoppingCartPage :85 - verify price text[[ChromeDriver: chrome on WINDOWS (1257911cf9230128d3ebd1e76c892045)] -> xpath: //tbody/tr[1]/td[6]/span[1]]<br>
2023-05-16 21:05:599 INFO  ShoppingCartPage :69 - click on checkbox [[ChromeDriver: chrome on WINDOWS (1257911cf9230128d3ebd1e76c892045)] -> xpath: //input[@id='termsofservice']]<br>
2023-05-16 21:05:418 INFO  ShoppingCartPage :74 - click on checkoutProxy element for: DefaultElementLocator 'By.xpath: (//strong[text()='$2,950.00'])[2]'<br>
2023-05-16 21:05:467 INFO  CheckOutPage :135 - Get text Welcome[[ChromeDriver: chrome on WINDOWS (1257911cf9230128d3ebd1e76c892045)] -> xpath: //h1[contains(text(),'Welcome, Please Sign In!')]]<br>
2023-05-16 21:05:611 INFO  CheckOutPage :148 - Enter login details[[ChromeDriver: chrome on WINDOWS (1257911cf9230128d3ebd1e76c892045)] -> id: Email]<br>
2023-05-16 21:05:712 INFO  CheckOutPage :151 - Enter password details[[ChromeDriver: chrome on WINDOWS (1257911cf9230128d3ebd1e76c892045)] -> name: Password]<br>
2023-05-16 21:05:81 INFO  CheckOutPage :154 - Click on Login button[[ChromeDriver: chrome on WINDOWS (1257911cf9230128d3ebd1e76c892045)] -> xpath: //button[contains(text(),'Log in')]]<br
2023-05-16 21:05:929 INFO  HomePage :58 - click on Computer Tab[[ChromeDriver: chrome on WINDOWS (244585c96135894284967d0d9787f81b)] -> xpath: //ul[@class='top-menu notmobile']//a[normalize-space()='Computers']]<br>
2023-05-16 21:05:110 INFO  ComputerPage :35 - Click on Desktop[[ChromeDriver: chrome on WINDOWS (244585c96135894284967d0d9787f81b)] -> xpath: //a[@title='Show products in category Desktops'][normalize-space()='Desktops']]<br>
2023-05-16 21:05:308 INFO  DesktopPage :35 - Select Sort By position Name: Z to A[[ChromeDriver: chrome on WINDOWS (244585c96135894284967d0d9787f81b)] -> id: products-orderby]<br>
2023-05-16 21:05:356 INFO  DesktopPage :39 - Select Sort By position Name: Z to A[[[ChromeDriver: chrome on WINDOWS (244585c96135894284967d0d9787f81b)] -> tag name: h2], [[ChromeDriver: chrome on WINDOWS (244585c96135894284967d0d9787f81b)] -> tag name: h2], [[ChromeDriver: chrome on WINDOWS (244585c96135894284967d0d9787f81b)] -> tag name: h2]]<br>
2023-05-16 21:05:486 INFO  DesktopPage :35 - Select Sort By position Name: Z to A[[ChromeDriver: chrome on WINDOWS (244585c96135894284967d0d9787f81b)] -> id: products-orderby]<br>
2023-05-16 21:05:501 INFO  DesktopPage :39 - Select Sort By position Name: Z to A[[[ChromeDriver: chrome on WINDOWS (244585c96135894284967d0d9787f81b)] -> tag name: h2], [[ChromeDriver: chrome on WINDOWS (244585c96135894284967d0d9787f81b)] -> tag name: h2], [[ChromeDriver: chrome on WINDOWS (244585c96135894284967d0d9787f81b)] -> tag name: h2]]<br>
2023-05-16 21:05:72 INFO  HomePage :58 - click on Computer Tab[[ChromeDriver: chrome on WINDOWS (60838bfeac0127f33989ca3b41b8b5ef)] -> xpath: //ul[@class='top-menu notmobile']//a[normalize-space()='Computers']]<br>
2023-05-16 21:05:601 INFO  ComputerPage :35 - Click on Desktop[[ChromeDriver: chrome on WINDOWS (60838bfeac0127f33989ca3b41b8b5ef)] -> xpath: //a[@title='Show products in category Desktops'][normalize-space()='Desktops']]<br>
2023-05-16 21:05:661 INFO  DesktopPage :39 - Select Sort By position Name: Z to A[[[ChromeDriver: chrome on WINDOWS (60838bfeac0127f33989ca3b41b8b5ef)] -> tag name: h2], [[ChromeDriver: chrome on WINDOWS (60838bfeac0127f33989ca3b41b8b5ef)] -> tag name: h2], [[ChromeDriver: chrome on WINDOWS (60838bfeac0127f33989ca3b41b8b5ef)] -> tag name: h2]]<br>
2023-05-16 21:05:821 INFO  DesktopPage :51 - Click on Add to Cart[[ChromeDriver: chrome on WINDOWS (60838bfeac0127f33989ca3b41b8b5ef)] -> xpath: //body[1]/div[6]/div[3]/div[1]/div[3]/div[1]/div[2]/div[2]/div[2]/div[1]/div[1]/div[1]/div[1]/div[2]/div[3]/div[2]/button[1]]<br>
2023-05-16 21:05:508 INFO  AddToCartPage :61 - verify build your computer text[[ChromeDriver: chrome on WINDOWS (60838bfeac0127f33989ca3b41b8b5ef)] -> xpath: //h1[contains(text(),'Build your own computer')]]<br>
2023-05-16 21:05:509 INFO  AddToCartPage :62 - verify build your computer text[[ChromeDriver: chrome on WINDOWS (60838bfeac0127f33989ca3b41b8b5ef)] -> xpath: //h1[contains(text(),'Build your own computer')]]<br>
2023-05-16 21:05:176 INFO  HomePage :70 - mouse hove to electronic[[ChromeDriver: chrome on WINDOWS (4cfd55e276eb5a414caa1a0975946440)] -> xpath: (//a[text()='Electronics '])[1]]<br>
2023-05-16 21:05:539 INFO  HomePage :70 - mouse hove to electronic[[ChromeDriver: chrome on WINDOWS (b15f345cf53b632ceeed19e7eff0501c)] -> xpath: (//a[text()='Electronics '])[1]]<br>
2023-05-16 21:05:355 INFO  HomePage :74 - mouse hover to electronic and click on cellphone[[ChromeDriver: chrome on WINDOWS (b15f345cf53b632ceeed19e7eff0501c)] -> xpath: (//a[text()='Cell phones '])[1]]<br>
2023-05-16 21:05:391 INFO  CellPhonesPage :64 - Get Text Cell Phone[[ChromeDriver: chrome on WINDOWS (b15f345cf53b632ceeed19e7eff0501c)] -> xpath: //h1[contains(text(),'Cell phones')]]<br>
2023-05-16 21:05:532 INFO  CellPhonesPage :70 - Click on List View[[ChromeDriver: chrome on WINDOWS (b15f345cf53b632ceeed19e7eff0501c)] -> xpath: //a[contains(text(),'List')]]<br
2023-05-16 21:05:252 INFO  CellPhonesPage :75 - Click on List ViewProxy element for: DefaultElementLocator 'By.xpath: //a[contains(text(),'List')]'<br>
2023-05-16 21:05:591 INFO  HomePage :58 - click on Computer Tab[[ChromeDriver: chrome on WINDOWS (fa06442bc2e6607a454cce73bbae1ede)] -> xpath: //ul[@class='top-menu notmobile']//a[normalize-space()='Computers']]<br>
2023-05-16 21:05:157 INFO  ComputerPage :35 - Click on Desktop[[ChromeDriver: chrome on WINDOWS (fa06442bc2e6607a454cce73bbae1ede)] -> xpath: //a[@title='Show products in category Desktops'][normalize-space()='Desktops']]<br>
2023-05-16 21:05:389 INFO  DesktopPage :35 - Select Sort By position Name: Z to A[[ChromeDriver: chrome on WINDOWS (fa06442bc2e6607a454cce73bbae1ede)] -> id: products-orderby]<br>
2023-05-16 21:05:449 INFO  DesktopPage :39 - Select Sort By position Name: Z to A[[[ChromeDriver: chrome on WINDOWS (fa06442bc2e6607a454cce73bbae1ede)] -> tag name: h2], [[ChromeDriver: chrome on WINDOWS (fa06442bc2e6607a454cce73bbae1ede)] -> tag name: h2], [[ChromeDriver: chrome on WINDOWS (fa06442bc2e6607a454cce73bbae1ede)] -> tag name: h2]]<br>
2023-05-16 21:05:587 INFO  DesktopPage :35 - Select Sort By position Name: Z to A[[ChromeDriver: chrome on WINDOWS (fa06442bc2e6607a454cce73bbae1ede)] -> id: products-orderby]<br>
2023-05-16 21:05:615 INFO  DesktopPage :39 - Select Sort By position Name: Z to A[[[ChromeDriver: chrome on WINDOWS (fa06442bc2e6607a454cce73bbae1ede)] -> tag name: h2], [[ChromeDriver: chrome on WINDOWS (fa06442bc2e6607a454cce73bbae1ede)] -> tag name: h2], [[ChromeDriver: chrome on WINDOWS (fa06442bc2e6607a454cce73bbae1ede)] -> tag name: h2]]<br>
2023-05-16 21:05:72 INFO  HomePage :70 - mouse hove to electronic[[ChromeDriver: chrome on WINDOWS (71ecdb5ebf111ac609b79c0b657e7bcb)] -> xpath: (//a[text()='Electronics '])[1]]<br>
2023-05-16 21:05:908 INFO  HomePage :74 - mouse hover to electronic and click on cellphone[[ChromeDriver: chrome on WINDOWS (71ecdb5ebf111ac609b79c0b657e7bcb)] -> xpath: (//a[text()='Cell phones '])[1]]<br>
2023-05-16 21:05:954 INFO  CellPhonesPage :64 - Get Text Cell Phone[[ChromeDriver: chrome on WINDOWS (71ecdb5ebf111ac609b79c0b657e7bcb)] -> xpath: //h1[contains(text(),'Cell phones')]]<br>
2023-05-16 21:05:353 INFO  HomePage :54 - Clicking on login link : [[[ChromeDriver: chrome on WINDOWS (a502b3722cc53f45330d9108cbe45abd)] -> xpath: //ul[@class='top-menu notmobile']/li], [[ChromeDriver: chrome on WINDOWS (a502b3722cc53f45330d9108cbe45abd)] -> xpath: //ul[@class='top-menu notmobile']/li], [[ChromeDriver: chrome on WINDOWS (a502b3722cc53f45330d9108cbe45abd)] -> xpath: //ul[@class='top-menu notmobile']/li], [[ChromeDriver: chrome on WINDOWS (a502b3722cc53f45330d9108cbe45abd)] -> xpath: //ul[@class='top-menu notmobile']/li], [[ChromeDriver: chrome on WINDOWS (a502b3722cc53f45330d9108cbe45abd)] -> xpath: //ul[@class='top-menu notmobile']/li], [[ChromeDriver: chrome on WINDOWS (a502b3722cc53f45330d9108cbe45abd)] -> xpath: //ul[@class='top-menu notmobile']/li], [[ChromeDriver: chrome on WINDOWS (a502b3722cc53f45330d9108cbe45abd)] -> xpath: //ul[@class='top-menu notmobile']/li]]<br>
2023-05-16 21:05:384 INFO  ComputerPage :29 - Verify Computer Text[[ChromeDriver: chrome on WINDOWS (a502b3722cc53f45330d9108cbe45abd)] -> xpath: //div[@class='page-title']]<br>
2023-05-16 21:05:301 INFO  HomePage :54 - Clicking on login link : [[[ChromeDriver: chrome on WINDOWS (acc4bee818ce25ed32fd553bbdd35a12)] -> xpath: //ul[@class='top-menu notmobile']/li], [[ChromeDriver: chrome on WINDOWS (acc4bee818ce25ed32fd553bbdd35a12)] -> xpath: //ul[@class='top-menu notmobile']/li], [[ChromeDriver: chrome on WINDOWS (acc4bee818ce25ed32fd553bbdd35a12)] -> xpath: //ul[@class='top-menu notmobile']/li], [[ChromeDriver: chrome on WINDOWS (acc4bee818ce25ed32fd553bbdd35a12)] -> xpath: //ul[@class='top-menu notmobile']/li], [[ChromeDriver: chrome on WINDOWS (acc4bee818ce25ed32fd553bbdd35a12)] -> xpath: //ul[@class='top-menu notmobile']/li], [[ChromeDriver: chrome on WINDOWS (acc4bee818ce25ed32fd553bbdd35a12)] -> xpath: //ul[@class='top-menu notmobile']/li], [[ChromeDriver: chrome on WINDOWS (acc4bee818ce25ed32fd553bbdd35a12)] -> xpath: //ul[@class='top-menu notmobile']/li]]<br>
2023-05-16 21:05:334 INFO  ComputerPage :29 - Verify Computer Text[[ChromeDriver: chrome on WINDOWS (acc4bee818ce25ed32fd553bbdd35a12)] -> xpath: //div[@class='page-title']]<br>
2023-05-16 21:05:963 INFO  HomePage :54 - Clicking on login link : [[[ChromeDriver: chrome on WINDOWS (c31927c64861b1c70335bb8df755ad5c)] -> xpath: //ul[@class='top-menu notmobile']/li], [[ChromeDriver: chrome on WINDOWS (c31927c64861b1c70335bb8df755ad5c)] -> xpath: //ul[@class='top-menu notmobile']/li], [[ChromeDriver: chrome on WINDOWS (c31927c64861b1c70335bb8df755ad5c)] -> xpath: //ul[@class='top-menu notmobile']/li], [[ChromeDriver: chrome on WINDOWS (c31927c64861b1c70335bb8df755ad5c)] -> xpath: //ul[@class='top-menu notmobile']/li], [[ChromeDriver: chrome on WINDOWS (c31927c64861b1c70335bb8df755ad5c)] -> xpath: //ul[@class='top-menu notmobile']/li], [[ChromeDriver: chrome on WINDOWS (c31927c64861b1c70335bb8df755ad5c)] -> xpath: //ul[@class='top-menu notmobile']/li], [[ChromeDriver: chrome on WINDOWS (c31927c64861b1c70335bb8df755ad5c)] -> xpath: //ul[@class='top-menu notmobile']/li]]<br>
2023-05-16 21:05:987 INFO  ComputerPage :29 - Verify Computer Text[[ChromeDriver: chrome on WINDOWS (c31927c64861b1c70335bb8df755ad5c)] -> xpath: //div[@class='page-title']]<br>
2023-05-16 21:05:219 INFO  HomePage :54 - Clicking on login link : [[[ChromeDriver: chrome on WINDOWS (5e7f4bd96aafe4f3aea888aa06877e9c)] -> xpath: //ul[@class='top-menu notmobile']/li], [[ChromeDriver: chrome on WINDOWS (5e7f4bd96aafe4f3aea888aa06877e9c)] -> xpath: //ul[@class='top-menu notmobile']/li], [[ChromeDriver: chrome on WINDOWS (5e7f4bd96aafe4f3aea888aa06877e9c)] -> xpath: //ul[@class='top-menu notmobile']/li], [[ChromeDriver: chrome on WINDOWS (5e7f4bd96aafe4f3aea888aa06877e9c)] -> xpath: //ul[@class='top-menu notmobile']/li], [[ChromeDriver: chrome on WINDOWS (5e7f4bd96aafe4f3aea888aa06877e9c)] -> xpath: //ul[@class='top-menu notmobile']/li], [[ChromeDriver: chrome on WINDOWS (5e7f4bd96aafe4f3aea888aa06877e9c)] -> xpath: //ul[@class='top-menu notmobile']/li], [[ChromeDriver: chrome on WINDOWS (5e7f4bd96aafe4f3aea888aa06877e9c)] -> xpath: //ul[@class='top-menu notmobile']/li]]<br>
2023-05-16 21:05:247 INFO  ComputerPage :29 - Verify Computer Text[[ChromeDriver: chrome on WINDOWS (5e7f4bd96aafe4f3aea888aa06877e9c)] -> xpath: //div[@class='page-title']]<br>
2023-05-16 21:05:770 INFO  HomePage :54 - Clicking on login link : [[[ChromeDriver: chrome on WINDOWS (9d8ee15162caeff34aee7f0072ad6eab)] -> xpath: //ul[@class='top-menu notmobile']/li], [[ChromeDriver: chrome on WINDOWS (9d8ee15162caeff34aee7f0072ad6eab)] -> xpath: //ul[@class='top-menu notmobile']/li], [[ChromeDriver: chrome on WINDOWS (9d8ee15162caeff34aee7f0072ad6eab)] -> xpath: //ul[@class='top-menu notmobile']/li], [[ChromeDriver: chrome on WINDOWS (9d8ee15162caeff34aee7f0072ad6eab)] -> xpath: //ul[@class='top-menu notmobile']/li], [[ChromeDriver: chrome on WINDOWS (9d8ee15162caeff34aee7f0072ad6eab)] -> xpath: //ul[@class='top-menu notmobile']/li], [[ChromeDriver: chrome on WINDOWS (9d8ee15162caeff34aee7f0072ad6eab)] -> xpath: //ul[@class='top-menu notmobile']/li], [[ChromeDriver: chrome on WINDOWS (9d8ee15162caeff34aee7f0072ad6eab)] -> xpath: //ul[@class='top-menu notmobile']/li]]<br>
2023-05-16 21:05:801 INFO  ComputerPage :29 - Verify Computer Text[[ChromeDriver: chrome on WINDOWS (9d8ee15162caeff34aee7f0072ad6eab)] -> xpath: //div[@class='page-title']]<br>
2023-05-16 21:05:896 INFO  HomePage :54 - Clicking on login link : [[[ChromeDriver: chrome on WINDOWS (a322a1a00d302d3e97ab08e761da1b86)] -> xpath: //ul[@class='top-menu notmobile']/li], [[ChromeDriver: chrome on WINDOWS (a322a1a00d302d3e97ab08e761da1b86)] -> xpath: //ul[@class='top-menu notmobile']/li], [[ChromeDriver: chrome on WINDOWS (a322a1a00d302d3e97ab08e761da1b86)] -> xpath: //ul[@class='top-menu notmobile']/li], [[ChromeDriver: chrome on WINDOWS (a322a1a00d302d3e97ab08e761da1b86)] -> xpath: //ul[@class='top-menu notmobile']/li], [[ChromeDriver: chrome on WINDOWS (a322a1a00d302d3e97ab08e761da1b86)] -> xpath: //ul[@class='top-menu notmobile']/li], [[ChromeDriver: chrome on WINDOWS (a322a1a00d302d3e97ab08e761da1b86)] -> xpath: //ul[@class='top-menu notmobile']/li], [[ChromeDriver: chrome on WINDOWS (a322a1a00d302d3e97ab08e761da1b86)] -> xpath: //ul[@class='top-menu notmobile']/li]]<br>
2023-05-16 21:05:920 INFO  ComputerPage :29 - Verify Computer Text[[ChromeDriver: chrome on WINDOWS (a322a1a00d302d3e97ab08e761da1b86)] -> xpath: //div[@class='page-title']]<br>
2023-05-16 21:05:320 INFO  HomePage :54 - Clicking on login link : [[[ChromeDriver: chrome on WINDOWS (13aa7f898d55f375ae5151ec1857ab46)] -> xpath: //ul[@class='top-menu notmobile']/li], [[ChromeDriver: chrome on WINDOWS (13aa7f898d55f375ae5151ec1857ab46)] -> xpath: //ul[@class='top-menu notmobile']/li], [[ChromeDriver: chrome on WINDOWS (13aa7f898d55f375ae5151ec1857ab46)] -> xpath: //ul[@class='top-menu notmobile']/li], [[ChromeDriver: chrome on WINDOWS (13aa7f898d55f375ae5151ec1857ab46)] -> xpath: //ul[@class='top-menu notmobile']/li], [[ChromeDriver: chrome on WINDOWS (13aa7f898d55f375ae5151ec1857ab46)] -> xpath: //ul[@class='top-menu notmobile']/li], [[ChromeDriver: chrome on WINDOWS (13aa7f898d55f375ae5151ec1857ab46)] -> xpath: //ul[@class='top-menu notmobile']/li], [[ChromeDriver: chrome on WINDOWS (13aa7f898d55f375ae5151ec1857ab46)] -> xpath: //ul[@class='top-menu notmobile']/li]]<br>
2023-05-16 21:05:357 INFO  ComputerPage :29 - Verify Computer Text[[ChromeDriver: chrome on WINDOWS (13aa7f898d55f375ae5151ec1857ab46)] -> xpath: //div[@class='page-title']]<br>
